<?xml version="1.0" encoding="UTF-8"?>
<testsuite name="com.stackandqueueimplementation.MyQueueTest" tests="2" skipped="0" failures="0" errors="0" timestamp="2021-05-06T10:09:38" hostname="HACKERNAMAN" time="0.035">
  <properties/>
  <testcase name="given3NumberInQueueWhenDequeuedShouldMatchedFirstAddedNode()" classname="com.stackandqueueimplementation.MyQueueTest" time="0.031"/>
  <testcase name="given3NumberWhenAddedToQueueShouldHaveFirstAddedNodeAtTop()" classname="com.stackandqueueimplementation.MyQueueTest" time="0.002"/>
  <system-out><![CDATA[Deleted element is :56
My List is : 30->70
My List is : 56->30->70
]]></system-out>
  <system-err><![CDATA[]]></system-err>
</testsuite>
