<?xml version="1.0" encoding="UTF-8"?>
<testsuite name="com.stackandqueueimplementation.MyStackTest" tests="3" skipped="0" failures="0" errors="0" timestamp="2021-05-06T09:49:56" hostname="HACKERNAMAN" time="0.037">
  <properties/>
  <testcase name="given3NumberInStackWhenPoppedShouldMatchedLastAddedNode()" classname="com.stackandqueueimplementation.MyStackTest" time="0.028"/>
  <testcase name="given3NumberWhenAddedToStackShouldHaveLastAddedNodeAtTop()" classname="com.stackandqueueimplementation.MyStackTest" time="0.003"/>
  <testcase name="given3NumberInStackWhenPoppedAllShouldBeEmpty()" classname="com.stackandqueueimplementation.MyStackTest" time="0.002"/>
  <system-out><![CDATA[Deleted element is :56
My List is : 30->70
My List is : 56->30->70
Deleted element is :56
Deleted element is :30
Deleted element is :70
]]></system-out>
  <system-err><![CDATA[]]></system-err>
</testsuite>
