<?xml version="1.0" encoding="UTF-8"?>
<testsuite name="com.stackandqueueimplementation.MyStackTest" tests="1" skipped="0" failures="0" errors="0" timestamp="2021-05-06T09:43:05" hostname="HACKERNAMAN" time="0.032">
  <properties/>
  <testcase name="given3NumberWhenAddedToStackShouldHaveLastAddedNodeAtTop()" classname="com.stackandqueueimplementation.MyStackTest" time="0.032"/>
  <system-out><![CDATA[My List is : 56->30->70
]]></system-out>
  <system-err><![CDATA[]]></system-err>
</testsuite>
